<?xml version="1.0" encoding="UTF-8"?>
<!-- Generated by org.testng.reporters.JUnitReportReporter -->
<testsuite skipped="0" hostname="SHA-LRI-PC-265" name="com.lombardrisk.TestNGprj.TestNGDemo" tests="1" failures="0" timestamp="29 May 2018 02:37:23 GMT" time="7.088" errors="0">
  <testcase name="testlogin" time="7.088" classname="com.lombardrisk.TestNGprj.TestNGDemo"/>
</testsuite> <!-- com.lombardrisk.TestNGprj.TestNGDemo -->
